2021-12-07 17:13:47,410:INFO:PyCaret NLP Module
2021-12-07 17:13:47,410:INFO:version 2.3.5
2021-12-07 17:13:47,411:INFO:Initializing setup()
2021-12-07 17:13:47,411:INFO:USI: 5709
2021-12-07 17:13:47,411:INFO:setup(data=8, target=en, custom_stopwords=None, html=True, session_id=None, log_experiment=False,
                    experiment_name=None, log_plots=False, log_data=False, verbose=True)
2021-12-07 17:13:47,412:INFO:Checking environment
2021-12-07 17:13:47,412:INFO:python_version: 3.9.7
2021-12-07 17:13:47,412:INFO:python_build: ('default', 'Sep 16 2021 13:09:58')
2021-12-07 17:13:47,413:INFO:machine: x86_64
2021-12-07 17:13:47,413:INFO:platform: Linux-5.11.0-41-generic-x86_64-with-glibc2.31
2021-12-07 17:13:47,454:INFO:Memory: svmem(total=16738824192, available=8087384064, percent=51.7, used=8330653696, free=1944137728, active=1875865600, inactive=11742232576, buffers=440619008, cached=6023413760, shared=493359104, slab=507125760)
2021-12-07 17:13:47,458:INFO:Physical Core: 4
2021-12-07 17:13:47,458:INFO:Logical Core: 8
2021-12-07 17:13:47,458:INFO:Checking libraries
2021-12-07 17:13:47,459:INFO:pd==1.3.4
2021-12-07 17:13:47,459:INFO:numpy==1.19.5
2021-12-07 17:13:47,951:WARNING:gensim not found
2021-12-07 17:13:48,271:WARNING:spacy not found
2021-12-07 17:13:48,292:WARNING:nltk not found
2021-12-07 17:13:48,305:WARNING:textblob not found
2021-12-07 17:13:48,524:WARNING:pyLDAvis not found
2021-12-07 17:13:48,583:INFO:wordcloud==1.8.1
2021-12-07 17:13:49,658:INFO:mlflow==1.22.0
2021-12-07 17:13:49,658:INFO:Checking Exceptions
